<?xml version="1.0" encoding="UTF-8"?>
<!-- Generated by org.testng.reporters.JUnitReportReporter -->
<testsuite hostname="MYGURUPAGE" name="IframeValidationTests.DraggableTests" tests="1" failures="0" timestamp="25 Jun 2020 16:53:30 GMT" time="15.828" errors="0">
  <testcase name="draggableTest" time="15.828" classname="IframeValidationTests.DraggableTests"/>
</testsuite> <!-- IframeValidationTests.DraggableTests -->
