<?xml version="1.0" encoding="UTF-8"?>
<!-- Generated by org.testng.reporters.JUnitReportReporter -->
<testsuite hostname="MYGURUPAGE" name="IframeValidationTests.IframeTests" tests="1" failures="0" timestamp="25 Jun 2020 12:34:11 GMT" time="2.864" errors="0">
  <testcase name="IframeTest" time="2.864" classname="IframeValidationTests.IframeTests"/>
</testsuite> <!-- IframeValidationTests.IframeTests -->
